[debug] [2024-04-09T14:42:49.601Z] ----------------------------------------------------------------------
[debug] [2024-04-09T14:42:49.603Z] Command:       C:\Program Files\nodejs\node.exe C:\Users\21629\AppData\Roaming\npm\node_modules\firebase-tools\lib\bin\firebase.js init
[debug] [2024-04-09T14:42:49.603Z] CLI Version:   13.7.1
[debug] [2024-04-09T14:42:49.604Z] Platform:      win32
[debug] [2024-04-09T14:42:49.604Z] Node Version:  v18.16.0
[debug] [2024-04-09T14:42:49.605Z] Time:          Tue Apr 09 2024 16:42:49 GMT+0200 (heure d’été d’Europe centrale)
[debug] [2024-04-09T14:42:49.605Z] ----------------------------------------------------------------------
[debug] 
[debug] [2024-04-09T14:42:49.610Z] > command requires scopes: ["email","openid","https://www.googleapis.com/auth/cloudplatformprojects.readonly","https://www.googleapis.com/auth/firebase","https://www.googleapis.com/auth/cloud-platform"]
[debug] [2024-04-09T14:42:49.611Z] > authorizing via signed-in user (charfeddine.znaidi@gmail.com)
[info] 
     ######## #### ########  ######## ########     ###     ######  ########
     ##        ##  ##     ## ##       ##     ##  ##   ##  ##       ##
     ######    ##  ########  ######   ########  #########  ######  ######
     ##        ##  ##    ##  ##       ##     ## ##     ##       ## ##
     ##       #### ##     ## ######## ########  ##     ##  ######  ########

You're about to initialize a Firebase project in this directory:

  C:\DEV\ReactTest\chz-bankerise\bankerise-beneficiary-last

Before we get started, keep in mind:

  * You are currently outside your home directory

[info] 
=== Project Setup
[info] 
[info] First, let's associate this project directory with a Firebase project.
[info] You can create multiple project aliases by running firebase use --add, 
[info] but for now we'll just set up a default project.
[info] 
[debug] [2024-04-09T14:49:29.555Z] >>> [apiv2][query] GET https://firebase.googleapis.com/v1beta1/projects pageSize=100
[debug] [2024-04-09T14:49:30.386Z] <<< [apiv2][status] GET https://firebase.googleapis.com/v1beta1/projects 200
[debug] [2024-04-09T14:49:30.387Z] <<< [apiv2][body] GET https://firebase.googleapis.com/v1beta1/projects [omitted]
[info] i  Using project react-course-b4608 (react-course) 
[info] 
=== Hosting Setup
[debug] [2024-04-09T14:49:35.448Z] >>> [apiv2][query] GET https://firebase.googleapis.com/v1beta1/projects/react-course-b4608 [none]
[debug] [2024-04-09T14:49:35.749Z] <<< [apiv2][status] GET https://firebase.googleapis.com/v1beta1/projects/react-course-b4608 200
[debug] [2024-04-09T14:49:35.749Z] <<< [apiv2][body] GET https://firebase.googleapis.com/v1beta1/projects/react-course-b4608 {"projectId":"react-course-b4608","projectNumber":"1076117095019","displayName":"react-course","name":"projects/react-course-b4608","resources":{"hostingSite":"react-course-b4608"},"state":"ACTIVE","etag":"1_5959dc1e-1cfe-4a27-b1da-3c880f2a708e"}
[info] 
[info] Your public directory is the folder (relative to your project directory) that
[info] will contain Hosting assets to be uploaded with firebase deploy. If you
[info] have a build process for your assets, use your build's output directory.
[info] 
[info] +  Wrote build/404.html 
[debug] [2024-04-09T14:50:05.987Z] >>> [apiv2][query] GET https://www.gstatic.com/firebasejs/releases.json [none]
[debug] [2024-04-09T14:50:06.081Z] <<< [apiv2][status] GET https://www.gstatic.com/firebasejs/releases.json 200
[debug] [2024-04-09T14:50:06.081Z] <<< [apiv2][body] GET https://www.gstatic.com/firebasejs/releases.json {"current":{"version":"10.10.0","browserURL":"https://www.gstatic.com/firebasejs/10.10.0/firebase.js","packageURL":"https://www.gstatic.com/firebasejs/10.10.0/firebase.tgz"},"live":{"version":"10.10","browserURL":"https://www.gstatic.com/firebasejs/live/10.10/firebase.js","packageURL":"https://www.gstatic.com/firebasejs/live/10.10/firebase.tgz"},"components":{"analytics":"https://www.gstatic.com/firebasejs/10.10.0/firebase-analytics.js","app":"https://www.gstatic.com/firebasejs/10.10.0/firebase-app.js","app-check":"https://www.gstatic.com/firebasejs/10.10.0/firebase-app-check.js","auth":"https://www.gstatic.com/firebasejs/10.10.0/firebase-auth.js","auth/cordova":"https://www.gstatic.com/firebasejs/10.10.0/firebase-auth/cordova.js","auth/web-extension":"https://www.gstatic.com/firebasejs/10.10.0/firebase-auth/web-extension.js","functions":"https://www.gstatic.com/firebasejs/10.10.0/firebase-functions.js","firestore":"https://www.gstatic.com/firebasejs/10.10.0/firebase-firestore.js","firestore/lite":"https://www.gstatic.com/firebasejs/10.10.0/firebase-firestore/lite.js","installations":"https://www.gstatic.com/firebasejs/10.10.0/firebase-installations.js","storage":"https://www.gstatic.com/firebasejs/10.10.0/firebase-storage.js","performance":"https://www.gstatic.com/firebasejs/10.10.0/firebase-performance.js","remote-config":"https://www.gstatic.com/firebasejs/10.10.0/firebase-remote-config.js","messaging":"https://www.gstatic.com/firebasejs/10.10.0/firebase-messaging.js","messaging/sw":"https://www.gstatic.com/firebasejs/10.10.0/firebase-messaging/sw.js","database":"https://www.gstatic.com/firebasejs/10.10.0/firebase-database.js","firestore.memory":"https://www.gstatic.com/firebasejs/10.10.0/firebase-firestore.memory.js"}}
[info] i  Skipping write of build/index.html 
[info] 
[info] i  Detected a .git folder at C:\DEV\ReactTest\chz-bankerise\bankerise-beneficiary-last 
[info] i  Authorizing with GitHub to upload your service account to a GitHub repository's secrets store. 
[info] 
[info] Visit this URL on this device to log in:
[info] https://github.com/login/oauth/authorize?client_id=89cf50f02ac6aaed3484&state=253190484&redirect_uri=http%3A%2F%2Flocalhost%3A9005&scope=read%3Auser%20repo%20public_repo
[info] 
[info] Waiting for authentication...
[debug] [2024-04-09T14:50:28.127Z] >>> [apiv2][query] POST https://github.com/login/oauth/access_token [none]
[debug] [2024-04-09T14:50:28.127Z] >>> [apiv2][body] POST https://github.com/login/oauth/access_token [stream]
[debug] [2024-04-09T14:50:28.391Z] <<< [apiv2][status] POST https://github.com/login/oauth/access_token 200
[debug] [2024-04-09T14:50:28.391Z] <<< [apiv2][body] POST https://github.com/login/oauth/access_token {"access_token":"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","token_type":"bearer","scope":"read:user,repo"}
[debug] [2024-04-09T14:50:28.396Z] >>> [apiv2][query] GET https://api.github.com/user [none]
[debug] [2024-04-09T14:50:28.697Z] <<< [apiv2][status] GET https://api.github.com/user 200
[debug] [2024-04-09T14:50:28.697Z] <<< [apiv2][body] GET https://api.github.com/user {"login":"charfeddine","id":795619,"node_id":"MDQ6VXNlcjc5NTYxOQ==","avatar_url":"https://avatars.githubusercontent.com/u/795619?v=4","gravatar_id":"","url":"https://api.github.com/users/charfeddine","html_url":"https://github.com/charfeddine","followers_url":"https://api.github.com/users/charfeddine/followers","following_url":"https://api.github.com/users/charfeddine/following{/other_user}","gists_url":"https://api.github.com/users/charfeddine/gists{/gist_id}","starred_url":"https://api.github.com/users/charfeddine/starred{/owner}{/repo}","subscriptions_url":"https://api.github.com/users/charfeddine/subscriptions","organizations_url":"https://api.github.com/users/charfeddine/orgs","repos_url":"https://api.github.com/users/charfeddine/repos","events_url":"https://api.github.com/users/charfeddine/events{/privacy}","received_events_url":"https://api.github.com/users/charfeddine/received_events","type":"User","site_admin":false,"name":"znaidi charfeddine","company":null,"blog":"","location":null,"email":"charfeddine.znaidi@gmail.com","hireable":null,"bio":null,"twitter_username":null,"public_repos":9,"public_gists":0,"followers":0,"following":20,"created_at":"2011-05-18T12:00:07Z","updated_at":"2024-04-09T11:53:40Z","private_gists":0,"total_private_repos":0,"owned_private_repos":0,"disk_usage":3080,"collaborators":0,"two_factor_authentication":false,"plan":{"name":"free","space":976562499,"collaborators":0,"private_repos":10000}}
[info] 
[info] +  Success! Logged into GitHub as charfeddine 
[info] 
